googlePacman/build/outputs/apk/manifest-merger-debug-report.txt
-- Merging decision tree log ---
manifest
ADDED from AndroidManifest.xml:2:1
	xmlns:tools
		ADDED from AndroidManifest.xml:3:11
	xmlns:android
		ADDED from AndroidManifest.xml:2:11
	package
		ADDED from AndroidManifest.xml:5:7
		INJECTED from AndroidManifest.xml:0:0
		INJECTED from AndroidManifest.xml:0:0
	android:versionName
		ADDED from AndroidManifest.xml:7:7
	android:versionCode
		ADDED from AndroidManifest.xml:6:7
		INJECTED from AndroidManifest.xml:0:0
		INJECTED from AndroidManifest.xml:0:0
uses-permission#android.permission.INTERNET
ADDED from AndroidManifest.xml:10:3
MERGED from GooglePacman_new:sPOCMobile:unspecified:11:5
	android:name
		ADDED from AndroidManifest.xml:10:20
application
ADDED from AndroidManifest.xml:12:5
MERGED from GooglePacman_new:sPOCMobile:unspecified:16:5
MERGED from com.android.support:support-v4:21.0.3:16:5
MERGED from com.android.support:appcompat-v7:21.0.3:16:5
MERGED from com.android.support:support-v4:21.0.3:16:5
MERGED from com.google.android.gms:play-services:6.5.87:20:5
MERGED from com.android.support:support-v4:21.0.3:16:5
	android:allowBackup
		ADDED from GooglePacman_new:sPOCMobile:unspecified:18:9
	android:label
		ADDED from AndroidManifest.xml:13:18
	android:icon
		ADDED from AndroidManifest.xml:12:18
		REJECTED from GooglePacman_new:sPOCMobile:unspecified:19:9
	android:theme
		ADDED from AndroidManifest.xml:14:18
		REJECTED from GooglePacman_new:sPOCMobile:unspecified:21:9
	tools:replace
		ADDED from AndroidManifest.xml:15:9
	android:name
		ADDED from AndroidManifest.xml:16:9
activity#jp.or.iidukat.example.pacman.GooglePacman
ADDED from AndroidManifest.xml:17:9
	android:screenOrientation
		ADDED from AndroidManifest.xml:18:19
	android:name
		ADDED from AndroidManifest.xml:17:19
intent-filter#android.intent.action.MAIN+android.intent.category.LAUNCHER
ADDED from AndroidManifest.xml:19:13
action#android.intent.action.MAIN
ADDED from AndroidManifest.xml:20:17
	android:name
		ADDED from AndroidManifest.xml:20:25
category#android.intent.category.LAUNCHER
ADDED from AndroidManifest.xml:21:17
	android:name
		ADDED from AndroidManifest.xml:21:27
meta-data#com.google.android.gms.version
ADDED from AndroidManifest.xml:25:9
MERGED from GooglePacman_new:sPOCMobile:unspecified:32:9
MERGED from com.google.android.gms:play-services:6.5.87:21:9
	android:name
		ADDED from AndroidManifest.xml:25:20
	android:value
		ADDED from AndroidManifest.xml:26:13
receiver#com.sokrati.sokexmobile.receivers.GAReceiver
ADDED from AndroidManifest.xml:28:9
MERGED from GooglePacman_new:sPOCMobile:unspecified:53:9
	android:exported
		ADDED from AndroidManifest.xml:30:13
	android:enabled
		ADDED from AndroidManifest.xml:29:13
	android:name
		ADDED from AndroidManifest.xml:28:19
intent-filter#jp.or.iidukat.example.pacman.SOKLEAD
ADDED from AndroidManifest.xml:31:13
action#jp.or.iidukat.example.pacman.SOKLEAD
ADDED from AndroidManifest.xml:32:17
	android:name
		ADDED from AndroidManifest.xml:32:25
service#com.sokrati.sokexmobile.services.PersistParamsService
ADDED from AndroidManifest.xml:58:9
MERGED from GooglePacman_new:sPOCMobile:unspecified:72:9
	android:exported
		ADDED from AndroidManifest.xml:61:13
	android:enabled
		ADDED from AndroidManifest.xml:60:13
	android:name
		ADDED from AndroidManifest.xml:59:13
service#com.sokrati.sokexmobile.services.UploadParamsService
ADDED from AndroidManifest.xml:63:9
MERGED from GooglePacman_new:sPOCMobile:unspecified:77:9
	android:exported
		ADDED from AndroidManifest.xml:66:13
	android:enabled
		ADDED from AndroidManifest.xml:65:13
	android:name
		ADDED from AndroidManifest.xml:64:13
supports-screens
ADDED from AndroidManifest.xml:69:5
	android:largeScreens
		ADDED from AndroidManifest.xml:71:23
	android:anyDensity
		ADDED from AndroidManifest.xml:73:23
	android:normalScreens
		ADDED from AndroidManifest.xml:70:23
	android:xlargeScreens
		ADDED from AndroidManifest.xml:72:23
	android:smallScreens
		ADDED from AndroidManifest.xml:69:23
uses-configuration
ADDED from AndroidManifest.xml:74:5
	android:reqTouchScreen
		ADDED from AndroidManifest.xml:74:25
uses-sdk
ADDED from AndroidManifest.xml:75:5
MERGED from GooglePacman_new:sPOCMobile:unspecified:7:5
MERGED from com.android.support:support-v4:21.0.3:15:5
MERGED from com.android.support:appcompat-v7:21.0.3:15:5
MERGED from com.android.support:support-v4:21.0.3:15:5
MERGED from com.google.android.gms:play-services:6.5.87:18:5
MERGED from com.android.support:support-v4:21.0.3:15:5
	android:targetSdkVersion
		ADDED from AndroidManifest.xml:75:42
		INJECTED from AndroidManifest.xml:0:0
		INJECTED from AndroidManifest.xml:0:0
	android:minSdkVersion
		ADDED from AndroidManifest.xml:75:15
		INJECTED from AndroidManifest.xml:0:0
		INJECTED from AndroidManifest.xml:0:0
uses-permission#android.permission.ACCESS_NETWORK_STATE
ADDED from GooglePacman_new:sPOCMobile:unspecified:12:5
	android:name
		ADDED from GooglePacman_new:sPOCMobile:unspecified:12:22
uses-permission#android.permission.READ_PHONE_STATE
ADDED from GooglePacman_new:sPOCMobile:unspecified:13:5
	android:name
		ADDED from GooglePacman_new:sPOCMobile:unspecified:13:22
uses-permission#android.permission.VIBRATE
ADDED from GooglePacman_new:sPOCMobile:unspecified:14:5
	android:name
		ADDED from GooglePacman_new:sPOCMobile:unspecified:14:22
activity#com.sokrati.sokexmobile.MainActivity
ADDED from GooglePacman_new:sPOCMobile:unspecified:22:9
	android:label
		ADDED from GooglePacman_new:sPOCMobile:unspecified:24:13
	android:name
		ADDED from GooglePacman_new:sPOCMobile:unspecified:23:13